<?xml version="1.0" encoding="UTF-8"?>
<testsuite name="ru.spb.hse.karvozavr.cli.commands.builtins.CatCommandTest" tests="2" skipped="0" failures="0" errors="0" timestamp="2019-02-20T05:13:21" hostname="darya-asus-UX303UA" time="0.027">
  <properties/>
  <testcase name="testCatFile" classname="ru.spb.hse.karvozavr.cli.commands.builtins.CatCommandTest" time="0.023"/>
  <testcase name="testCatStdin" classname="ru.spb.hse.karvozavr.cli.commands.builtins.CatCommandTest" time="0.003"/>
  <system-out><![CDATA[]]></system-out>
  <system-err><![CDATA[]]></system-err>
</testsuite>
