<?xml version="1.0" encoding="UTF-8"?>
<testsuite name="ru.spb.hse.karvozavr.cli.pipeline.EmptyPipelineTest" tests="1" skipped="0" failures="0" errors="0" timestamp="2019-02-20T05:17:21" hostname="darya-asus-UX303UA" time="0.0">
  <properties/>
  <testcase name="testSuccessExitCode" classname="ru.spb.hse.karvozavr.cli.pipeline.EmptyPipelineTest" time="0.0"/>
  <system-out><![CDATA[]]></system-out>
  <system-err><![CDATA[]]></system-err>
</testsuite>
