<?xml version="1.0" encoding="UTF-8"?>
<testsuite name="ru.spb.hse.karvozavr.cli.pipeline.MultiCommandPipelineTest" tests="3" skipped="0" failures="0" errors="0" timestamp="2019-02-20T05:13:21" hostname="darya-asus-UX303UA" time="0.017">
  <properties/>
  <testcase name="testLong" classname="ru.spb.hse.karvozavr.cli.pipeline.MultiCommandPipelineTest" time="0.009"/>
  <testcase name="testEchoToCat" classname="ru.spb.hse.karvozavr.cli.pipeline.MultiCommandPipelineTest" time="0.002"/>
  <testcase name="testCatToCat" classname="ru.spb.hse.karvozavr.cli.pipeline.MultiCommandPipelineTest" time="0.002"/>
  <system-out><![CDATA[]]></system-out>
  <system-err><![CDATA[]]></system-err>
</testsuite>
