<?xml version="1.0" encoding="UTF-8"?>
<testsuite name="ru.spb.hse.karvozavr.cli.pipeline.SingleCommandPipelineTest" tests="5" skipped="0" failures="0" errors="0" timestamp="2019-02-20T05:13:21" hostname="darya-asus-UX303UA" time="0.008">
  <properties/>
  <testcase name="testCatFile" classname="ru.spb.hse.karvozavr.cli.pipeline.SingleCommandPipelineTest" time="0.002"/>
  <testcase name="testCatStdin" classname="ru.spb.hse.karvozavr.cli.pipeline.SingleCommandPipelineTest" time="0.001"/>
  <testcase name="testEmpty" classname="ru.spb.hse.karvozavr.cli.pipeline.SingleCommandPipelineTest" time="0.0"/>
  <testcase name="testOne" classname="ru.spb.hse.karvozavr.cli.pipeline.SingleCommandPipelineTest" time="0.0"/>
  <testcase name="testMany" classname="ru.spb.hse.karvozavr.cli.pipeline.SingleCommandPipelineTest" time="0.002"/>
  <system-out><![CDATA[]]></system-out>
  <system-err><![CDATA[]]></system-err>
</testsuite>
