<?xml version="1.0" encoding="UTF-8"?>
<testsuite name="ru.spb.hse.karvozavr.cli.commands.builtins.WordcountCommandTest" tests="2" skipped="0" failures="0" errors="0" timestamp="2019-02-20T05:13:21" hostname="darya-asus-UX303UA" time="0.005">
  <properties/>
  <testcase name="testFile" classname="ru.spb.hse.karvozavr.cli.commands.builtins.WordcountCommandTest" time="0.003"/>
  <testcase name="testEmpty" classname="ru.spb.hse.karvozavr.cli.commands.builtins.WordcountCommandTest" time="0.001"/>
  <system-out><![CDATA[]]></system-out>
  <system-err><![CDATA[]]></system-err>
</testsuite>
