<?xml version="1.0" encoding="UTF-8"?>
<testsuite name="ru.spb.hse.karvozavr.cli.commands.builtins.CdCommandTest" tests="6" skipped="0" failures="0" errors="0" timestamp="2019-02-20T05:13:21" hostname="darya-asus-UX303UA" time="0.021">
  <properties/>
  <testcase name="testSrc" classname="ru.spb.hse.karvozavr.cli.commands.builtins.CdCommandTest" time="0.009"/>
  <testcase name="testPreviousDirectory" classname="ru.spb.hse.karvozavr.cli.commands.builtins.CdCommandTest" time="0.001"/>
  <testcase name="testCurrentDirectory" classname="ru.spb.hse.karvozavr.cli.commands.builtins.CdCommandTest" time="0.001"/>
  <testcase name="testHomeDirectory" classname="ru.spb.hse.karvozavr.cli.commands.builtins.CdCommandTest" time="0.0"/>
  <testcase name="testNonexistentDirectory" classname="ru.spb.hse.karvozavr.cli.commands.builtins.CdCommandTest" time="0.001"/>
  <testcase name="testFile" classname="ru.spb.hse.karvozavr.cli.commands.builtins.CdCommandTest" time="0.001"/>
  <system-out><![CDATA[]]></system-out>
  <system-err><![CDATA[]]></system-err>
</testsuite>
