<?xml version="1.0" encoding="UTF-8"?>
<testsuite name="ru.spb.hse.karvozavr.cli.parser.TokenTest" tests="2" skipped="0" failures="0" errors="0" timestamp="2019-02-20T05:13:21" hostname="darya-asus-UX303UA" time="0.103">
  <properties/>
  <testcase name="testInterpolation" classname="ru.spb.hse.karvozavr.cli.parser.TokenTest" time="0.071"/>
  <testcase name="testNoInterpolation" classname="ru.spb.hse.karvozavr.cli.parser.TokenTest" time="0.031"/>
  <system-out><![CDATA[]]></system-out>
  <system-err><![CDATA[]]></system-err>
</testsuite>
